# JRE version: OpenJDK Runtime Environment (8.0_112-b06) (build 1.8.0_112-release-b06)
# Java VM: OpenJDK 64-Bit Server VM (25.112-b06 mixed mode windows-amd64 compressed oops)
Heap:
 PSYoungGen      total 421888K, used 133563K [0x00000000e0000000, 0x00000000fd380000, 0x0000000100000000)
  eden space 415232K, 30% used [0x00000000e0000000,0x00000000e7c06e60,0x00000000f9580000)
  from space 6656K, 98% used [0x00000000fa780000,0x00000000fade8020,0x00000000fae00000)
  to   space 31744K, 0% used [0x00000000fb480000,0x00000000fb480000,0x00000000fd380000)
 ParOldGen       total 129536K, used 81057K [0x00000000a0000000, 0x00000000a7e80000, 0x00000000e0000000)
  object space 129536K, 62% used [0x00000000a0000000,0x00000000a4f28670,0x00000000a7e80000)
 Metaspace       used 86466K, capacity 94156K, committed 94208K, reserved 1130496K
  class space    used 11234K, capacity 12281K, committed 12288K, reserved 1048576K
GC Heap History (10 events):
Event: 11972.563 GC heap before
{Heap before GC invocations=30 (full 3):
 PSYoungGen      total 341504K, used 329952K [0x00000000e0000000, 0x00000000f6b80000, 0x0000000100000000)
  eden space 320000K, 100% used [0x00000000e0000000,0x00000000f3880000,0x00000000f3880000)
  from space 21504K, 46% used [0x00000000f5680000,0x00000000f6038020,0x00000000f6b80000)
  to   space 26112K, 0% used [0x00000000f3880000,0x00000000f3880000,0x00000000f5200000)
 ParOldGen       total 129536K, used 72917K [0x00000000a0000000, 0x00000000a7e80000, 0x00000000e0000000)
  object space 129536K, 56% used [0x00000000a0000000,0x00000000a4735568,0x00000000a7e80000)
 Metaspace       used 84795K, capacity 91818K, committed 92160K, reserved 1128448K
  class space    used 11116K, capacity 12164K, committed 12288K, reserved 1048576K
Event: 11972.572 GC heap after
Heap after GC invocations=30 (full 3):
 PSYoungGen      total 346112K, used 7152K [0x00000000e0000000, 0x00000000faa00000, 0x0000000100000000)
  eden space 320000K, 0% used [0x00000000e0000000,0x00000000e0000000,0x00000000f3880000)
  from space 26112K, 27% used [0x00000000f3880000,0x00000000f3f7c010,0x00000000f5200000)
  to   space 25600K, 0% used [0x00000000f9100000,0x00000000f9100000,0x00000000faa00000)
 ParOldGen       total 129536K, used 74265K [0x00000000a0000000, 0x00000000a7e80000, 0x00000000e0000000)
  object space 129536K, 57% used [0x00000000a0000000,0x00000000a48865b8,0x00000000a7e80000)
 Metaspace       used 84795K, capacity 91818K, committed 92160K, reserved 1128448K
  class space    used 11116K, capacity 12164K, committed 12288K, reserved 1048576K
}
Event: 11986.116 GC heap before
{Heap before GC invocations=31 (full 3):
 PSYoungGen      total 346112K, used 327152K [0x00000000e0000000, 0x00000000faa00000, 0x0000000100000000)
  eden space 320000K, 100% used [0x00000000e0000000,0x00000000f3880000,0x00000000f3880000)
  from space 26112K, 27% used [0x00000000f3880000,0x00000000f3f7c010,0x00000000f5200000)
  to   space 25600K, 0% used [0x00000000f9100000,0x00000000f9100000,0x00000000faa00000)
 ParOldGen       total 129536K, used 74265K [0x00000000a0000000, 0x00000000a7e80000, 0x00000000e0000000)
  object space 129536K, 57% used [0x00000000a0000000,0x00000000a48865b8,0x00000000a7e80000)
 Metaspace       used 85186K, capacity 92174K, committed 92416K, reserved 1130496K
  class space    used 11136K, capacity 12172K, committed 12288K, reserved 1048576K
Event: 11986.140 GC heap after
Heap after GC invocations=31 (full 3):
 PSYoungGen      total 404992K, used 25586K [0x00000000e0000000, 0x00000000fae80000, 0x0000000100000000)
  eden space 379392K, 0% used [0x00000000e0000000,0x00000000e0000000,0x00000000f7280000)
  from space 25600K, 99% used [0x00000000f9100000,0x00000000fa9fc820,0x00000000faa00000)
  to   space 30720K, 0% used [0x00000000f7280000,0x00000000f7280000,0x00000000f9080000)
 ParOldGen       total 129536K, used 78557K [0x00000000a0000000, 0x00000000a7e80000, 0x00000000e0000000)
  object space 129536K, 60% used [0x00000000a0000000,0x00000000a4cb74b8,0x00000000a7e80000)
 Metaspace       used 85186K, capacity 92174K, committed 92416K, reserved 1130496K
  class space    used 11136K, capacity 12172K, committed 12288K, reserved 1048576K
}
Event: 12248.912 GC heap before
{Heap before GC invocations=32 (full 3):
 PSYoungGen      total 404992K, used 404978K [0x00000000e0000000, 0x00000000fae80000, 0x0000000100000000)
  eden space 379392K, 100% used [0x00000000e0000000,0x00000000f7280000,0x00000000f7280000)
  from space 25600K, 99% used [0x00000000f9100000,0x00000000fa9fc820,0x00000000faa00000)
  to   space 30720K, 0% used [0x00000000f7280000,0x00000000f7280000,0x00000000f9080000)
 ParOldGen       total 129536K, used 78557K [0x00000000a0000000, 0x00000000a7e80000, 0x00000000e0000000)
  object space 129536K, 60% used [0x00000000a0000000,0x00000000a4cb74b8,0x00000000a7e80000)
 Metaspace       used 85637K, capacity 93068K, committed 93184K, reserved 1130496K
  class space    used 11180K, capacity 12227K, committed 12288K, reserved 1048576K
Event: 12248.939 GC heap after
Heap after GC invocations=32 (full 3):
 PSYoungGen      total 410112K, used 22455K [0x00000000e0000000, 0x00000000fee80000, 0x0000000100000000)
  eden space 379392K, 0% used [0x00000000e0000000,0x00000000e0000000,0x00000000f7280000)
  from space 30720K, 73% used [0x00000000f7280000,0x00000000f886dc90,0x00000000f9080000)
  to   space 32256K, 0% used [0x00000000fcf00000,0x00000000fcf00000,0x00000000fee80000)
 ParOldGen       total 129536K, used 80333K [0x00000000a0000000, 0x00000000a7e80000, 0x00000000e0000000)
  object space 129536K, 62% used [0x00000000a0000000,0x00000000a4e73620,0x00000000a7e80000)
 Metaspace       used 85637K, capacity 93068K, committed 93184K, reserved 1130496K
  class space    used 11180K, capacity 12227K, committed 12288K, reserved 1048576K
}
Event: 13048.255 GC heap before
{Heap before GC invocations=33 (full 3):
 PSYoungGen      total 410112K, used 401847K [0x00000000e0000000, 0x00000000fee80000, 0x0000000100000000)
  eden space 379392K, 100% used [0x00000000e0000000,0x00000000f7280000,0x00000000f7280000)
  from space 30720K, 73% used [0x00000000f7280000,0x00000000f886dc90,0x00000000f9080000)
  to   space 32256K, 0% used [0x00000000fcf00000,0x00000000fcf00000,0x00000000fee80000)
 ParOldGen       total 129536K, used 80333K [0x00000000a0000000, 0x00000000a7e80000, 0x00000000e0000000)
  object space 129536K, 62% used [0x00000000a0000000,0x00000000a4e73620,0x00000000a7e80000)
 Metaspace       used 85931K, capacity 93542K, committed 93696K, reserved 1130496K
  class space    used 11211K, capacity 12264K, committed 12288K, reserved 1048576K
Event: 13048.264 GC heap after
Heap after GC invocations=33 (full 3):
 PSYoungGen      total 457728K, used 4656K [0x00000000e0000000, 0x00000000fe680000, 0x0000000100000000)
  eden space 433664K, 0% used [0x00000000e0000000,0x00000000e0000000,0x00000000fa780000)
  from space 24064K, 19% used [0x00000000fcf00000,0x00000000fd38c030,0x00000000fe680000)
  to   space 32256K, 0% used [0x00000000fa780000,0x00000000fa780000,0x00000000fc700000)
 ParOldGen       total 129536K, used 81049K [0x00000000a0000000, 0x00000000a7e80000, 0x00000000e0000000)
  object space 129536K, 62% used [0x00000000a0000000,0x00000000a4f26670,0x00000000a7e80000)
 Metaspace       used 85931K, capacity 93542K, committed 93696K, reserved 1130496K
  class space    used 11211K, capacity 12264K, committed 12288K, reserved 1048576K
}
Event: 13052.737 GC heap before
{Heap before GC invocations=34 (full 3):
 PSYoungGen      total 457728K, used 437957K [0x00000000e0000000, 0x00000000fe680000, 0x0000000100000000)
  eden space 433664K, 99% used [0x00000000e0000000,0x00000000fa725710,0x00000000fa780000)
  from space 24064K, 19% used [0x00000000fcf00000,0x00000000fd38c030,0x00000000fe680000)
  to   space 32256K, 0% used [0x00000000fa780000,0x00000000fa780000,0x00000000fc700000)
 ParOldGen       total 129536K, used 81049K [0x00000000a0000000, 0x00000000a7e80000, 0x00000000e0000000)
  object space 129536K, 62% used [0x00000000a0000000,0x00000000a4f26670,0x00000000a7e80000)
 Metaspace       used 86331K, capacity 94038K, committed 94208K, reserved 1130496K
  class space    used 11225K, capacity 12272K, committed 12288K, reserved 1048576K
Event: 13052.745 GC heap after
Heap after GC invocations=34 (full 3):
 PSYoungGen      total 421888K, used 6560K [0x00000000e0000000, 0x00000000fd380000, 0x0000000100000000)
  eden space 415232K, 0% used [0x00000000e0000000,0x00000000e0000000,0x00000000f9580000)
  from space 6656K, 98% used [0x00000000fa780000,0x00000000fade8020,0x00000000fae00000)
  to   space 31744K, 0% used [0x00000000fb480000,0x00000000fb480000,0x00000000fd380000)
 ParOldGen       total 129536K, used 81057K [0x00000000a0000000, 0x00000000a7e80000, 0x00000000e0000000)
  object space 129536K, 62% used [0x00000000a0000000,0x00000000a4f28670,0x00000000a7e80000)
 Metaspace       used 86331K, capacity 94038K, committed 94208K, reserved 1130496K
  class space    used 11225K, capacity 12272K, committed 12288K, reserved 1048576K
}

